

Processing InfoController#properties (for 127.0.0.1 at 2009-10-03 19:10:22) [GET]
  Session ID: 48401cc1d464e31c593f20c309bffad5
  Parameters: {"action"=>"properties", "controller"=>"rails/info"}
  [4;36;1mSQL (0.000000)[0m   [0;1mSQLite3::SQLException: no such table: schema_migrations: SELECT version FROM schema_migrations[0m
Completed in 0.03839 (26 reqs/sec) | Rendering: 0.00205 (5%) | DB: 0.00000 (0%) | 200 OK [http://localhost/rails/info/properties]


Processing HomeController#index (for 127.0.0.1 at 2009-10-03 19:11:30) [GET]
  Session ID: BAh7BiIKZmxhc2hJQzonQWN0aW9uQ29udHJvbGxlcjo6Rmxhc2g6OkZsYXNo
SGFzaHsABjoKQHVzZWR7AA==--2292e8d61345a25257a1eca935159140e2c828ee
  Parameters: {"action"=>"index", "controller"=>"home"}
Rendering home/index
Completed in 0.00484 (206 reqs/sec) | Rendering: 0.00147 (30%) | DB: 0.00000 (0%) | 200 OK [http://localhost/]


Processing HomeController#index (for 127.0.0.1 at 2009-10-03 19:14:58) [GET]
  Session ID: BAh7BiIKZmxhc2hJQzonQWN0aW9uQ29udHJvbGxlcjo6Rmxhc2g6OkZsYXNo
SGFzaHsABjoKQHVzZWR7AA==--2292e8d61345a25257a1eca935159140e2c828ee
  Parameters: {"action"=>"index", "controller"=>"home"}
Rendering home/index
Completed in 0.00476 (210 reqs/sec) | Rendering: 0.00144 (30%) | DB: 0.00000 (0%) | 200 OK [http://localhost/]


Processing HomeController#index (for 127.0.0.1 at 2009-10-03 19:29:56) [GET]
  Session ID: BAh7BiIKZmxhc2hJQzonQWN0aW9uQ29udHJvbGxlcjo6Rmxhc2g6OkZsYXNo
SGFzaHsABjoKQHVzZWR7AA==--2292e8d61345a25257a1eca935159140e2c828ee
  Parameters: {"action"=>"index", "controller"=>"home"}
Rendering home/index
Completed in 0.00846 (118 reqs/sec) | Rendering: 0.00355 (41%) | DB: 0.00000 (0%) | 200 OK [http://localhost/]


Processing HomeController#index (for 127.0.0.1 at 2009-10-03 19:32:05) [GET]
  Session ID: BAh7BiIKZmxhc2hJQzonQWN0aW9uQ29udHJvbGxlcjo6Rmxhc2g6OkZsYXNo
SGFzaHsABjoKQHVzZWR7AA==--2292e8d61345a25257a1eca935159140e2c828ee
  Parameters: {"action"=>"index", "controller"=>"home"}
Rendering home/index
Completed in 0.00837 (119 reqs/sec) | Rendering: 0.00339 (40%) | DB: 0.00000 (0%) | 200 OK [http://localhost/]
  [4;36;1mSQL (0.000472)[0m   [0;1m SELECT name
 FROM sqlite_master
 WHERE type = 'table' AND NOT name = 'sqlite_sequence'
[0m
  [4;35;1mSQL (0.000238)[0m   [0mselect sqlite_version(*)[0m
  [4;36;1mSQL (0.003529)[0m   [0;1mCREATE TABLE "schema_migrations" ("version" varchar(255) NOT NULL) [0m
  [4;35;1mSQL (0.002166)[0m   [0mCREATE UNIQUE INDEX "unique_schema_migrations" ON "schema_migrations" ("version")[0m
  [4;36;1mSQL (0.001592)[0m   [0;1m SELECT name
 FROM sqlite_master
 WHERE type = 'table' AND NOT name = 'sqlite_sequence'
[0m
  [4;35;1mSQL (0.000164)[0m   [0mSELECT version FROM schema_migrations[0m
Migrating to CreateEmployers (20091003165528)
  [4;36;1mSQL (0.000132)[0m   [0;1mSELECT version FROM schema_migrations[0m
  [4;35;1mSQL (0.002781)[0m   [0mCREATE TABLE "employers" ("id" INTEGER PRIMARY KEY AUTOINCREMENT NOT NULL, "first_name" varchar(255) DEFAULT NULL NULL, "last_name" varchar(255) DEFAULT NULL NULL, "ssn" varchar(255) DEFAULT NULL NULL, "address" varchar(255) DEFAULT NULL NULL, "postal_code" varchar(255) DEFAULT NULL NULL, "city" varchar(255) DEFAULT NULL NULL, "created_at" datetime DEFAULT NULL NULL, "updated_at" datetime DEFAULT NULL NULL) [0m
  [4;36;1mSQL (0.001707)[0m   [0;1mINSERT INTO schema_migrations (version) VALUES ('20091003165528')[0m
  [4;35;1mSQL (0.000281)[0m   [0mSELECT version FROM schema_migrations[0m
  [4;36;1mSQL (0.000328)[0m   [0;1m SELECT name
 FROM sqlite_master
 WHERE type = 'table' AND NOT name = 'sqlite_sequence'
[0m
  [4;35;1mSQL (0.000140)[0m   [0mPRAGMA index_list("employers")[0m


Processing HomeController#index (for 127.0.0.1 at 2009-10-03 19:56:06) [GET]
  Session ID: BAh7BiIKZmxhc2hJQzonQWN0aW9uQ29udHJvbGxlcjo6Rmxhc2g6OkZsYXNo
SGFzaHsABjoKQHVzZWR7AA==--2292e8d61345a25257a1eca935159140e2c828ee
  Parameters: {"action"=>"index", "controller"=>"home"}
Rendering home/index
Completed in 0.00595 (168 reqs/sec) | Rendering: 0.00143 (23%) | DB: 0.00000 (0%) | 200 OK [http://localhost/]


Processing ApplicationController#index (for 127.0.0.1 at 2009-10-03 19:56:16) [GET]
  Session ID: BAh7BiIKZmxhc2hJQzonQWN0aW9uQ29udHJvbGxlcjo6Rmxhc2g6OkZsYXNo
SGFzaHsABjoKQHVzZWR7AA==--2292e8d61345a25257a1eca935159140e2c828ee
  Parameters: {}


ActionController::RoutingError (No route matches "/Employer" with {:method=>:get}):
    /vendor/rails/actionpack/lib/action_controller/routing/recognition_optimisation.rb:67:in `recognize_path'
    /vendor/rails/actionpack/lib/action_controller/routing/route_set.rb:384:in `recognize'
    /vendor/rails/actionpack/lib/action_controller/dispatcher.rb:148:in `handle_request'
    /vendor/rails/actionpack/lib/action_controller/dispatcher.rb:107:in `dispatch'
    /vendor/rails/actionpack/lib/action_controller/dispatcher.rb:104:in `synchronize'
    /vendor/rails/actionpack/lib/action_controller/dispatcher.rb:104:in `dispatch'
    /vendor/rails/actionpack/lib/action_controller/dispatcher.rb:120:in `dispatch_cgi'
    /vendor/rails/actionpack/lib/action_controller/dispatcher.rb:35:in `dispatch'
    /vendor/rails/railties/lib/webrick_server.rb:112:in `handle_dispatch'
    /vendor/rails/railties/lib/webrick_server.rb:78:in `service'
    /usr/lib/ruby/1.8/webrick/httpserver.rb:104:in `service'
    /usr/lib/ruby/1.8/webrick/httpserver.rb:65:in `run'
    /usr/lib/ruby/1.8/webrick/server.rb:173:in `start_thread'
    /usr/lib/ruby/1.8/webrick/server.rb:162:in `start'
    /usr/lib/ruby/1.8/webrick/server.rb:162:in `start_thread'
    /usr/lib/ruby/1.8/webrick/server.rb:95:in `start'
    /usr/lib/ruby/1.8/webrick/server.rb:92:in `each'
    /usr/lib/ruby/1.8/webrick/server.rb:92:in `start'
    /usr/lib/ruby/1.8/webrick/server.rb:23:in `start'
    /usr/lib/ruby/1.8/webrick/server.rb:82:in `start'
    /vendor/rails/railties/lib/webrick_server.rb:62:in `dispatch'
    /vendor/rails/railties/lib/commands/servers/webrick.rb:66
    /usr/local/lib/site_ruby/1.8/rubygems/custom_require.rb:31:in `gem_original_require'
    /usr/local/lib/site_ruby/1.8/rubygems/custom_require.rb:31:in `require'
    /vendor/rails/activesupport/lib/active_support/dependencies.rb:509:in `require'
    /vendor/rails/activesupport/lib/active_support/dependencies.rb:354:in `new_constants_in'
    /vendor/rails/activesupport/lib/active_support/dependencies.rb:509:in `require'
    /vendor/rails/railties/lib/commands/server.rb:39
    /usr/local/lib/site_ruby/1.8/rubygems/custom_require.rb:31:in `gem_original_require'
    /usr/local/lib/site_ruby/1.8/rubygems/custom_require.rb:31:in `require'
    script/server:3

Rendering /home/mhjort/Projects/PensionMaid/vendor/rails/actionpack/lib/action_controller/templates/rescues/layout.erb (not_found)


Processing HomeController#index (for 127.0.0.1 at 2009-10-03 19:57:41) [GET]
  Session ID: BAh7BiIKZmxhc2hJQzonQWN0aW9uQ29udHJvbGxlcjo6Rmxhc2g6OkZsYXNo
SGFzaHsABjoKQHVzZWR7AA==--2292e8d61345a25257a1eca935159140e2c828ee
  Parameters: {"action"=>"index", "controller"=>"home"}
Rendering home/index
Completed in 0.03386 (29 reqs/sec) | Rendering: 0.02892 (85%) | DB: 0.00000 (0%) | 200 OK [http://localhost/]


Processing EmployersController#index (for 127.0.0.1 at 2009-10-03 19:57:43) [GET]
  Session ID: BAh7BiIKZmxhc2hJQzonQWN0aW9uQ29udHJvbGxlcjo6Rmxhc2g6OkZsYXNo
SGFzaHsABjoKQHVzZWR7AA==--2292e8d61345a25257a1eca935159140e2c828ee
  Parameters: {"action"=>"index", "controller"=>"employers"}
  [4;35;1mEmployer Load (0.000876)[0m   [0mSELECT * FROM "employers" [0m
Rendering template within layouts/employers
Rendering employers/index
Completed in 0.01561 (64 reqs/sec) | Rendering: 0.00459 (29%) | DB: 0.00088 (5%) | 200 OK [http://localhost/employers]


Processing EmployersController#new (for 127.0.0.1 at 2009-10-03 19:57:46) [GET]
  Session ID: BAh7BiIKZmxhc2hJQzonQWN0aW9uQ29udHJvbGxlcjo6Rmxhc2g6OkZsYXNo
SGFzaHsABjoKQHVzZWR7AA==--2292e8d61345a25257a1eca935159140e2c828ee
  Parameters: {"action"=>"new", "controller"=>"employers"}
Rendering template within layouts/employers
Rendering employers/new
Completed in 0.02505 (39 reqs/sec) | Rendering: 0.01259 (50%) | DB: 0.00000 (0%) | 200 OK [http://localhost/employers/new]


Processing ApplicationController#index (for 127.0.0.1 at 2009-10-03 20:01:55) [GET]
  Session ID: BAh7BzoMY3NyZl9pZCIlZjNiODQ1NTlkMTMxM2Q3YWNmYTFiYzU1YzY3NGEx
ZDkiCmZsYXNoSUM6J0FjdGlvbkNvbnRyb2xsZXI6OkZsYXNoOjpGbGFzaEhh
c2h7AAY6CkB1c2VkewA=--00fde617ddf9fa1b2be96a52b8d932ff2ba63e0d
  Parameters: {"action"=>"index", "controller"=>"emploeyrs"}


NameError (uninitialized constant EmploeyrsController):
    /vendor/rails/activesupport/lib/active_support/dependencies.rb:278:in `load_missing_constant'
    /vendor/rails/activesupport/lib/active_support/dependencies.rb:467:in `const_missing'
    /vendor/rails/activesupport/lib/active_support/dependencies.rb:479:in `const_missing'
    /vendor/rails/activesupport/lib/active_support/inflector.rb:283:in `constantize'
    /vendor/rails/activesupport/lib/active_support/core_ext/string/inflections.rb:143:in `constantize'
    /vendor/rails/actionpack/lib/action_controller/routing/route_set.rb:386:in `recognize'
    /vendor/rails/actionpack/lib/action_controller/dispatcher.rb:148:in `handle_request'
    /vendor/rails/actionpack/lib/action_controller/dispatcher.rb:107:in `dispatch'
    /vendor/rails/actionpack/lib/action_controller/dispatcher.rb:104:in `synchronize'
    /vendor/rails/actionpack/lib/action_controller/dispatcher.rb:104:in `dispatch'
    /vendor/rails/actionpack/lib/action_controller/dispatcher.rb:120:in `dispatch_cgi'
    /vendor/rails/actionpack/lib/action_controller/dispatcher.rb:35:in `dispatch'
    /vendor/rails/railties/lib/webrick_server.rb:112:in `handle_dispatch'
    /vendor/rails/railties/lib/webrick_server.rb:78:in `service'
    /usr/lib/ruby/1.8/webrick/httpserver.rb:104:in `service'
    /usr/lib/ruby/1.8/webrick/httpserver.rb:65:in `run'
    /usr/lib/ruby/1.8/webrick/server.rb:173:in `start_thread'
    /usr/lib/ruby/1.8/webrick/server.rb:162:in `start'
    /usr/lib/ruby/1.8/webrick/server.rb:162:in `start_thread'
    /usr/lib/ruby/1.8/webrick/server.rb:95:in `start'
    /usr/lib/ruby/1.8/webrick/server.rb:92:in `each'
    /usr/lib/ruby/1.8/webrick/server.rb:92:in `start'
    /usr/lib/ruby/1.8/webrick/server.rb:23:in `start'
    /usr/lib/ruby/1.8/webrick/server.rb:82:in `start'
    /vendor/rails/railties/lib/webrick_server.rb:62:in `dispatch'
    /vendor/rails/railties/lib/commands/servers/webrick.rb:66
    /usr/local/lib/site_ruby/1.8/rubygems/custom_require.rb:31:in `gem_original_require'
    /usr/local/lib/site_ruby/1.8/rubygems/custom_require.rb:31:in `require'
    /vendor/rails/activesupport/lib/active_support/dependencies.rb:509:in `require'
    /vendor/rails/activesupport/lib/active_support/dependencies.rb:354:in `new_constants_in'
    /vendor/rails/activesupport/lib/active_support/dependencies.rb:509:in `require'
    /vendor/rails/railties/lib/commands/server.rb:39
    /usr/local/lib/site_ruby/1.8/rubygems/custom_require.rb:31:in `gem_original_require'
    /usr/local/lib/site_ruby/1.8/rubygems/custom_require.rb:31:in `require'
    script/server:3

Rendering /home/mhjort/Projects/PensionMaid/vendor/rails/actionpack/lib/action_controller/templates/rescues/layout.erb (internal_server_error)


Processing EmployersController#new (for 127.0.0.1 at 2009-10-03 20:02:41) [GET]
  Session ID: BAh7BzoMY3NyZl9pZCIlZjNiODQ1NTlkMTMxM2Q3YWNmYTFiYzU1YzY3NGEx
ZDkiCmZsYXNoSUM6J0FjdGlvbkNvbnRyb2xsZXI6OkZsYXNoOjpGbGFzaEhh
c2h7AAY6CkB1c2VkewA=--00fde617ddf9fa1b2be96a52b8d932ff2ba63e0d
  Parameters: {"action"=>"new", "controller"=>"employers"}
Rendering template within layouts/employers
Rendering employers/new
Completed in 0.03018 (33 reqs/sec) | Rendering: 0.00837 (27%) | DB: 0.00000 (0%) | 200 OK [http://localhost/employers/new]


Processing EmployersController#index (for 127.0.0.1 at 2009-10-03 20:03:39) [GET]
  Session ID: BAh7BzoMY3NyZl9pZCIlZjNiODQ1NTlkMTMxM2Q3YWNmYTFiYzU1YzY3NGEx
ZDkiCmZsYXNoSUM6J0FjdGlvbkNvbnRyb2xsZXI6OkZsYXNoOjpGbGFzaEhh
c2h7AAY6CkB1c2VkewA=--00fde617ddf9fa1b2be96a52b8d932ff2ba63e0d
  Parameters: {"action"=>"index", "controller"=>"employers"}
  [4;36;1mEmployer Load (0.000589)[0m   [0;1mSELECT * FROM "employers" [0m
Rendering template within layouts/employers
Rendering employers/index
Completed in 0.01147 (87 reqs/sec) | Rendering: 0.00145 (12%) | DB: 0.00059 (5%) | 200 OK [http://localhost/]


Processing EmployersController#index (for 127.0.0.1 at 2009-10-03 20:05:04) [GET]
  Session ID: BAh7BzoMY3NyZl9pZCIlZjNiODQ1NTlkMTMxM2Q3YWNmYTFiYzU1YzY3NGEx
ZDkiCmZsYXNoSUM6J0FjdGlvbkNvbnRyb2xsZXI6OkZsYXNoOjpGbGFzaEhh
c2h7AAY6CkB1c2VkewA=--00fde617ddf9fa1b2be96a52b8d932ff2ba63e0d
  Parameters: {"action"=>"index", "controller"=>"employers"}
  [4;35;1mEmployer Load (0.000793)[0m   [0mSELECT * FROM "employers" [0m
Rendering template within layouts/employers
Rendering employers/index


ActionView::TemplateError (Called id for nil, which would mistakenly be 4 -- if you really wanted the id of nil, use object_id) on line #3 of employers/index.html.erb:
1: <h1>New employer</h1>
2: 
3: <% form_for(@employer) do |f| %>
4:   <%= f.error_messages %>
5: 
6:   <p>

    vendor/rails/actionpack/lib/action_controller/record_identifier.rb:72:in `dom_id'
    vendor/rails/actionpack/lib/action_view/helpers/record_identification_helper.rb:16:in `dom_id'
    vendor/rails/actionpack/lib/action_view/helpers/form_helper.rb:264:in `apply_form_for_options!'
    vendor/rails/actionpack/lib/action_view/helpers/form_helper.rb:248:in `form_for'
    app/views/employers/index.html.erb:3:in `_run_erb_47app47views47employers47index46html46erb'
    vendor/rails/actionpack/lib/action_view/base.rb:338:in `send'
    vendor/rails/actionpack/lib/action_view/base.rb:338:in `execute'
    vendor/rails/actionpack/lib/action_view/template_handlers/compilable.rb:29:in `send'
    vendor/rails/actionpack/lib/action_view/template_handlers/compilable.rb:29:in `render'
    vendor/rails/actionpack/lib/action_view/template.rb:35:in `render'
    vendor/rails/actionpack/lib/action_view/template.rb:22:in `render_template'
    vendor/rails/actionpack/lib/action_view/base.rb:245:in `render_file'
    vendor/rails/actionpack/lib/action_controller/base.rb:1108:in `render_for_file'
    vendor/rails/actionpack/lib/action_controller/base.rb:865:in `render_with_no_layout'
    vendor/rails/actionpack/lib/action_controller/base.rb:880:in `render_with_no_layout'
    vendor/rails/actionpack/lib/action_controller/layout.rb:251:in `render_without_benchmark'
    vendor/rails/actionpack/lib/action_controller/benchmarking.rb:51:in `render'
    vendor/rails/activesupport/lib/active_support/core_ext/benchmark.rb:8:in `realtime'
    vendor/rails/actionpack/lib/action_controller/benchmarking.rb:51:in `render'
    vendor/rails/actionpack/lib/action_controller/mime_responds.rb:131:in `send'
    vendor/rails/actionpack/lib/action_controller/mime_responds.rb:131:in `custom'
    vendor/rails/actionpack/lib/action_controller/mime_responds.rb:160:in `call'
    vendor/rails/actionpack/lib/action_controller/mime_responds.rb:160:in `respond'
    vendor/rails/actionpack/lib/action_controller/mime_responds.rb:154:in `each'
    vendor/rails/actionpack/lib/action_controller/mime_responds.rb:154:in `respond'
    vendor/rails/actionpack/lib/action_controller/mime_responds.rb:107:in `respond_to'
    app/controllers/employers_controller.rb:7:in `index'
    vendor/rails/actionpack/lib/action_controller/base.rb:1162:in `send'
    vendor/rails/actionpack/lib/action_controller/base.rb:1162:in `perform_action_without_filters'
    vendor/rails/actionpack/lib/action_controller/filters.rb:580:in `call_filters'
    vendor/rails/actionpack/lib/action_controller/filters.rb:573:in `perform_action_without_benchmark'
    vendor/rails/actionpack/lib/action_controller/benchmarking.rb:68:in `perform_action_without_rescue'
    /usr/lib/ruby/1.8/benchmark.rb:293:in `measure'
    vendor/rails/actionpack/lib/action_controller/benchmarking.rb:68:in `perform_action_without_rescue'
    vendor/rails/actionpack/lib/action_controller/rescue.rb:201:in `perform_action_without_caching'
    vendor/rails/actionpack/lib/action_controller/caching/sql_cache.rb:13:in `perform_action'
    vendor/rails/activerecord/lib/active_record/connection_adapters/abstract/query_cache.rb:33:in `cache'
    vendor/rails/activerecord/lib/active_record/query_cache.rb:8:in `cache'
    vendor/rails/actionpack/lib/action_controller/caching/sql_cache.rb:12:in `perform_action'
    vendor/rails/actionpack/lib/action_controller/base.rb:529:in `send'
    vendor/rails/actionpack/lib/action_controller/base.rb:529:in `process_without_filters'
    vendor/rails/actionpack/lib/action_controller/filters.rb:569:in `process_without_session_management_support'
    vendor/rails/actionpack/lib/action_controller/session_management.rb:130:in `process'
    vendor/rails/actionpack/lib/action_controller/base.rb:389:in `process'
    vendor/rails/actionpack/lib/action_controller/dispatcher.rb:149:in `handle_request'
    vendor/rails/actionpack/lib/action_controller/dispatcher.rb:107:in `dispatch'
    vendor/rails/actionpack/lib/action_controller/dispatcher.rb:104:in `synchronize'
    vendor/rails/actionpack/lib/action_controller/dispatcher.rb:104:in `dispatch'
    vendor/rails/actionpack/lib/action_controller/dispatcher.rb:120:in `dispatch_cgi'
    vendor/rails/actionpack/lib/action_controller/dispatcher.rb:35:in `dispatch'
    vendor/rails/railties/lib/webrick_server.rb:112:in `handle_dispatch'
    vendor/rails/railties/lib/webrick_server.rb:78:in `service'
    /usr/lib/ruby/1.8/webrick/httpserver.rb:104:in `service'
    /usr/lib/ruby/1.8/webrick/httpserver.rb:65:in `run'
    /usr/lib/ruby/1.8/webrick/server.rb:173:in `start_thread'
    /usr/lib/ruby/1.8/webrick/server.rb:162:in `start'
    /usr/lib/ruby/1.8/webrick/server.rb:162:in `start_thread'
    /usr/lib/ruby/1.8/webrick/server.rb:95:in `start'
    /usr/lib/ruby/1.8/webrick/server.rb:92:in `each'
    /usr/lib/ruby/1.8/webrick/server.rb:92:in `start'
    /usr/lib/ruby/1.8/webrick/server.rb:23:in `start'
    /usr/lib/ruby/1.8/webrick/server.rb:82:in `start'
    vendor/rails/railties/lib/webrick_server.rb:62:in `dispatch'
    vendor/rails/railties/lib/commands/servers/webrick.rb:66
    /usr/local/lib/site_ruby/1.8/rubygems/custom_require.rb:31:in `gem_original_require'
    /usr/local/lib/site_ruby/1.8/rubygems/custom_require.rb:31:in `require'
    vendor/rails/activesupport/lib/active_support/dependencies.rb:509:in `require'
    vendor/rails/activesupport/lib/active_support/dependencies.rb:354:in `new_constants_in'
    vendor/rails/activesupport/lib/active_support/dependencies.rb:509:in `require'
    vendor/rails/railties/lib/commands/server.rb:39
    /usr/local/lib/site_ruby/1.8/rubygems/custom_require.rb:31:in `gem_original_require'
    /usr/local/lib/site_ruby/1.8/rubygems/custom_require.rb:31:in `require'
    script/server:3

Rendering /home/mhjort/Projects/PensionMaid/vendor/rails/actionpack/lib/action_controller/templates/rescues/layout.erb (internal_server_error)


Processing EmployersController#new (for 127.0.0.1 at 2009-10-03 20:13:48) [GET]
  Session ID: BAh7BzoMY3NyZl9pZCIlZjNiODQ1NTlkMTMxM2Q3YWNmYTFiYzU1YzY3NGEx
ZDkiCmZsYXNoSUM6J0FjdGlvbkNvbnRyb2xsZXI6OkZsYXNoOjpGbGFzaEhh
c2h7AAY6CkB1c2VkewA=--00fde617ddf9fa1b2be96a52b8d932ff2ba63e0d
  Parameters: {"action"=>"new", "controller"=>"employers"}
Rendering template within layouts/employers
Rendering employers/new
Completed in 0.02023 (49 reqs/sec) | Rendering: 0.00771 (38%) | DB: 0.00000 (0%) | 200 OK [http://localhost/employers/new]


Processing EmployersController#index (for 127.0.0.1 at 2009-10-03 20:14:00) [GET]
  Session ID: BAh7BzoMY3NyZl9pZCIlZjNiODQ1NTlkMTMxM2Q3YWNmYTFiYzU1YzY3NGEx
ZDkiCmZsYXNoSUM6J0FjdGlvbkNvbnRyb2xsZXI6OkZsYXNoOjpGbGFzaEhh
c2h7AAY6CkB1c2VkewA=--00fde617ddf9fa1b2be96a52b8d932ff2ba63e0d
  Parameters: {"action"=>"index", "controller"=>"employers"}
  [4;36;1mEmployer Load (0.000989)[0m   [0;1mSELECT * FROM "employers" [0m
Rendering template within layouts/employers
Rendering employers/index


ActionView::TemplateError (Called id for nil, which would mistakenly be 4 -- if you really wanted the id of nil, use object_id) on line #3 of employers/index.html.erb:
1: <h1>New employer</h1>
2: 
3: <% form_for(@employer) do |f| %>
4:   <%= f.error_messages %>
5: 
6:   <p>

    vendor/rails/actionpack/lib/action_controller/record_identifier.rb:72:in `dom_id'
    vendor/rails/actionpack/lib/action_view/helpers/record_identification_helper.rb:16:in `dom_id'
    vendor/rails/actionpack/lib/action_view/helpers/form_helper.rb:264:in `apply_form_for_options!'
    vendor/rails/actionpack/lib/action_view/helpers/form_helper.rb:248:in `form_for'
    app/views/employers/index.html.erb:3:in `_run_erb_47app47views47employers47index46html46erb'
    vendor/rails/actionpack/lib/action_view/base.rb:338:in `send'
    vendor/rails/actionpack/lib/action_view/base.rb:338:in `execute'
    vendor/rails/actionpack/lib/action_view/template_handlers/compilable.rb:29:in `send'
    vendor/rails/actionpack/lib/action_view/template_handlers/compilable.rb:29:in `render'
    vendor/rails/actionpack/lib/action_view/template.rb:35:in `render'
    vendor/rails/actionpack/lib/action_view/template.rb:22:in `render_template'
    vendor/rails/actionpack/lib/action_view/base.rb:245:in `render_file'
    vendor/rails/actionpack/lib/action_controller/base.rb:1108:in `render_for_file'
    vendor/rails/actionpack/lib/action_controller/base.rb:865:in `render_with_no_layout'
    vendor/rails/actionpack/lib/action_controller/base.rb:880:in `render_with_no_layout'
    vendor/rails/actionpack/lib/action_controller/layout.rb:251:in `render_without_benchmark'
    vendor/rails/actionpack/lib/action_controller/benchmarking.rb:51:in `render'
    vendor/rails/activesupport/lib/active_support/core_ext/benchmark.rb:8:in `realtime'
    vendor/rails/actionpack/lib/action_controller/benchmarking.rb:51:in `render'
    vendor/rails/actionpack/lib/action_controller/mime_responds.rb:131:in `send'
    vendor/rails/actionpack/lib/action_controller/mime_responds.rb:131:in `custom'
    vendor/rails/actionpack/lib/action_controller/mime_responds.rb:160:in `call'
    vendor/rails/actionpack/lib/action_controller/mime_responds.rb:160:in `respond'
    vendor/rails/actionpack/lib/action_controller/mime_responds.rb:154:in `each'
    vendor/rails/actionpack/lib/action_controller/mime_responds.rb:154:in `respond'
    vendor/rails/actionpack/lib/action_controller/mime_responds.rb:107:in `respond_to'
    app/controllers/employers_controller.rb:7:in `index'
    vendor/rails/actionpack/lib/action_controller/base.rb:1162:in `send'
    vendor/rails/actionpack/lib/action_controller/base.rb:1162:in `perform_action_without_filters'
    vendor/rails/actionpack/lib/action_controller/filters.rb:580:in `call_filters'
    vendor/rails/actionpack/lib/action_controller/filters.rb:573:in `perform_action_without_benchmark'
    vendor/rails/actionpack/lib/action_controller/benchmarking.rb:68:in `perform_action_without_rescue'
    /usr/lib/ruby/1.8/benchmark.rb:293:in `measure'
    vendor/rails/actionpack/lib/action_controller/benchmarking.rb:68:in `perform_action_without_rescue'
    vendor/rails/actionpack/lib/action_controller/rescue.rb:201:in `perform_action_without_caching'
    vendor/rails/actionpack/lib/action_controller/caching/sql_cache.rb:13:in `perform_action'
    vendor/rails/activerecord/lib/active_record/connection_adapters/abstract/query_cache.rb:33:in `cache'
    vendor/rails/activerecord/lib/active_record/query_cache.rb:8:in `cache'
    vendor/rails/actionpack/lib/action_controller/caching/sql_cache.rb:12:in `perform_action'
    vendor/rails/actionpack/lib/action_controller/base.rb:529:in `send'
    vendor/rails/actionpack/lib/action_controller/base.rb:529:in `process_without_filters'
    vendor/rails/actionpack/lib/action_controller/filters.rb:569:in `process_without_session_management_support'
    vendor/rails/actionpack/lib/action_controller/session_management.rb:130:in `process'
    vendor/rails/actionpack/lib/action_controller/base.rb:389:in `process'
    vendor/rails/actionpack/lib/action_controller/dispatcher.rb:149:in `handle_request'
    vendor/rails/actionpack/lib/action_controller/dispatcher.rb:107:in `dispatch'
    vendor/rails/actionpack/lib/action_controller/dispatcher.rb:104:in `synchronize'
    vendor/rails/actionpack/lib/action_controller/dispatcher.rb:104:in `dispatch'
    vendor/rails/actionpack/lib/action_controller/dispatcher.rb:120:in `dispatch_cgi'
    vendor/rails/actionpack/lib/action_controller/dispatcher.rb:35:in `dispatch'
    vendor/rails/railties/lib/webrick_server.rb:112:in `handle_dispatch'
    vendor/rails/railties/lib/webrick_server.rb:78:in `service'
    /usr/lib/ruby/1.8/webrick/httpserver.rb:104:in `service'
    /usr/lib/ruby/1.8/webrick/httpserver.rb:65:in `run'
    /usr/lib/ruby/1.8/webrick/server.rb:173:in `start_thread'
    /usr/lib/ruby/1.8/webrick/server.rb:162:in `start'
    /usr/lib/ruby/1.8/webrick/server.rb:162:in `start_thread'
    /usr/lib/ruby/1.8/webrick/server.rb:95:in `start'
    /usr/lib/ruby/1.8/webrick/server.rb:92:in `each'
    /usr/lib/ruby/1.8/webrick/server.rb:92:in `start'
    /usr/lib/ruby/1.8/webrick/server.rb:23:in `start'
    /usr/lib/ruby/1.8/webrick/server.rb:82:in `start'
    vendor/rails/railties/lib/webrick_server.rb:62:in `dispatch'
    vendor/rails/railties/lib/commands/servers/webrick.rb:66
    /usr/local/lib/site_ruby/1.8/rubygems/custom_require.rb:31:in `gem_original_require'
    /usr/local/lib/site_ruby/1.8/rubygems/custom_require.rb:31:in `require'
    vendor/rails/activesupport/lib/active_support/dependencies.rb:509:in `require'
    vendor/rails/activesupport/lib/active_support/dependencies.rb:354:in `new_constants_in'
    vendor/rails/activesupport/lib/active_support/dependencies.rb:509:in `require'
    vendor/rails/railties/lib/commands/server.rb:39
    /usr/local/lib/site_ruby/1.8/rubygems/custom_require.rb:31:in `gem_original_require'
    /usr/local/lib/site_ruby/1.8/rubygems/custom_require.rb:31:in `require'
    script/server:3

Rendering /home/mhjort/Projects/PensionMaid/vendor/rails/actionpack/lib/action_controller/templates/rescues/layout.erb (internal_server_error)


Processing ApplicationController#index (for 127.0.0.1 at 2009-10-03 20:14:26) [GET]
  Session ID: BAh7BzoMY3NyZl9pZCIlZjNiODQ1NTlkMTMxM2Q3YWNmYTFiYzU1YzY3NGEx
ZDkiCmZsYXNoSUM6J0FjdGlvbkNvbnRyb2xsZXI6OkZsYXNoOjpGbGFzaEhh
c2h7AAY6CkB1c2VkewA=--00fde617ddf9fa1b2be96a52b8d932ff2ba63e0d
  Parameters: {"action"=>"index", "controller"=>"employers/new"}


NameError (uninitialized constant Employers):
    /vendor/rails/activesupport/lib/active_support/dependencies.rb:278:in `load_missing_constant'
    /vendor/rails/activesupport/lib/active_support/dependencies.rb:467:in `const_missing'
    /vendor/rails/activesupport/lib/active_support/dependencies.rb:479:in `const_missing'
    /vendor/rails/activesupport/lib/active_support/inflector.rb:283:in `constantize'
    /vendor/rails/activesupport/lib/active_support/core_ext/string/inflections.rb:143:in `constantize'
    /vendor/rails/actionpack/lib/action_controller/routing/route_set.rb:386:in `recognize'
    /vendor/rails/actionpack/lib/action_controller/dispatcher.rb:148:in `handle_request'
    /vendor/rails/actionpack/lib/action_controller/dispatcher.rb:107:in `dispatch'
    /vendor/rails/actionpack/lib/action_controller/dispatcher.rb:104:in `synchronize'
    /vendor/rails/actionpack/lib/action_controller/dispatcher.rb:104:in `dispatch'
    /vendor/rails/actionpack/lib/action_controller/dispatcher.rb:120:in `dispatch_cgi'
    /vendor/rails/actionpack/lib/action_controller/dispatcher.rb:35:in `dispatch'
    /vendor/rails/railties/lib/webrick_server.rb:112:in `handle_dispatch'
    /vendor/rails/railties/lib/webrick_server.rb:78:in `service'
    /usr/lib/ruby/1.8/webrick/httpserver.rb:104:in `service'
    /usr/lib/ruby/1.8/webrick/httpserver.rb:65:in `run'
    /usr/lib/ruby/1.8/webrick/server.rb:173:in `start_thread'
    /usr/lib/ruby/1.8/webrick/server.rb:162:in `start'
    /usr/lib/ruby/1.8/webrick/server.rb:162:in `start_thread'
    /usr/lib/ruby/1.8/webrick/server.rb:95:in `start'
    /usr/lib/ruby/1.8/webrick/server.rb:92:in `each'
    /usr/lib/ruby/1.8/webrick/server.rb:92:in `start'
    /usr/lib/ruby/1.8/webrick/server.rb:23:in `start'
    /usr/lib/ruby/1.8/webrick/server.rb:82:in `start'
    /vendor/rails/railties/lib/webrick_server.rb:62:in `dispatch'
    /vendor/rails/railties/lib/commands/servers/webrick.rb:66
    /usr/local/lib/site_ruby/1.8/rubygems/custom_require.rb:31:in `gem_original_require'
    /usr/local/lib/site_ruby/1.8/rubygems/custom_require.rb:31:in `require'
    /vendor/rails/activesupport/lib/active_support/dependencies.rb:509:in `require'
    /vendor/rails/activesupport/lib/active_support/dependencies.rb:354:in `new_constants_in'
    /vendor/rails/activesupport/lib/active_support/dependencies.rb:509:in `require'
    /vendor/rails/railties/lib/commands/server.rb:39
    /usr/local/lib/site_ruby/1.8/rubygems/custom_require.rb:31:in `gem_original_require'
    /usr/local/lib/site_ruby/1.8/rubygems/custom_require.rb:31:in `require'
    script/server:3

Rendering /home/mhjort/Projects/PensionMaid/vendor/rails/actionpack/lib/action_controller/templates/rescues/layout.erb (internal_server_error)


Processing ApplicationController#index (for 127.0.0.1 at 2009-10-03 20:15:37) [GET]
  Session ID: BAh7BzoMY3NyZl9pZCIlZjNiODQ1NTlkMTMxM2Q3YWNmYTFiYzU1YzY3NGEx
ZDkiCmZsYXNoSUM6J0FjdGlvbkNvbnRyb2xsZXI6OkZsYXNoOjpGbGFzaEhh
c2h7AAY6CkB1c2VkewA=--00fde617ddf9fa1b2be96a52b8d932ff2ba63e0d
  Parameters: {"action"=>"index", "controller"=>"employers/new"}


NameError (uninitialized constant Employers):
    /vendor/rails/activesupport/lib/active_support/dependencies.rb:278:in `load_missing_constant'
    /vendor/rails/activesupport/lib/active_support/dependencies.rb:467:in `const_missing'
    /vendor/rails/activesupport/lib/active_support/dependencies.rb:479:in `const_missing'
    /vendor/rails/activesupport/lib/active_support/inflector.rb:283:in `constantize'
    /vendor/rails/activesupport/lib/active_support/core_ext/string/inflections.rb:143:in `constantize'
    /vendor/rails/actionpack/lib/action_controller/routing/route_set.rb:386:in `recognize'
    /vendor/rails/actionpack/lib/action_controller/dispatcher.rb:148:in `handle_request'
    /vendor/rails/actionpack/lib/action_controller/dispatcher.rb:107:in `dispatch'
    /vendor/rails/actionpack/lib/action_controller/dispatcher.rb:104:in `synchronize'
    /vendor/rails/actionpack/lib/action_controller/dispatcher.rb:104:in `dispatch'
    /vendor/rails/actionpack/lib/action_controller/dispatcher.rb:120:in `dispatch_cgi'
    /vendor/rails/actionpack/lib/action_controller/dispatcher.rb:35:in `dispatch'
    /vendor/rails/railties/lib/webrick_server.rb:112:in `handle_dispatch'
    /vendor/rails/railties/lib/webrick_server.rb:78:in `service'
    /usr/lib/ruby/1.8/webrick/httpserver.rb:104:in `service'
    /usr/lib/ruby/1.8/webrick/httpserver.rb:65:in `run'
    /usr/lib/ruby/1.8/webrick/server.rb:173:in `start_thread'
    /usr/lib/ruby/1.8/webrick/server.rb:162:in `start'
    /usr/lib/ruby/1.8/webrick/server.rb:162:in `start_thread'
    /usr/lib/ruby/1.8/webrick/server.rb:95:in `start'
    /usr/lib/ruby/1.8/webrick/server.rb:92:in `each'
    /usr/lib/ruby/1.8/webrick/server.rb:92:in `start'
    /usr/lib/ruby/1.8/webrick/server.rb:23:in `start'
    /usr/lib/ruby/1.8/webrick/server.rb:82:in `start'
    /vendor/rails/railties/lib/webrick_server.rb:62:in `dispatch'
    /vendor/rails/railties/lib/commands/servers/webrick.rb:66
    /usr/local/lib/site_ruby/1.8/rubygems/custom_require.rb:31:in `gem_original_require'
    /usr/local/lib/site_ruby/1.8/rubygems/custom_require.rb:31:in `require'
    /vendor/rails/activesupport/lib/active_support/dependencies.rb:509:in `require'
    /vendor/rails/activesupport/lib/active_support/dependencies.rb:354:in `new_constants_in'
    /vendor/rails/activesupport/lib/active_support/dependencies.rb:509:in `require'
    /vendor/rails/railties/lib/commands/server.rb:39
    /usr/local/lib/site_ruby/1.8/rubygems/custom_require.rb:31:in `gem_original_require'
    /usr/local/lib/site_ruby/1.8/rubygems/custom_require.rb:31:in `require'
    script/server:3

Rendering /home/mhjort/Projects/PensionMaid/vendor/rails/actionpack/lib/action_controller/templates/rescues/layout.erb (internal_server_error)


Processing EmployersController#index (for 127.0.0.1 at 2009-10-03 20:15:49) [GET]
  Session ID: BAh7BzoMY3NyZl9pZCIlZjNiODQ1NTlkMTMxM2Q3YWNmYTFiYzU1YzY3NGEx
ZDkiCmZsYXNoSUM6J0FjdGlvbkNvbnRyb2xsZXI6OkZsYXNoOjpGbGFzaEhh
c2h7AAY6CkB1c2VkewA=--00fde617ddf9fa1b2be96a52b8d932ff2ba63e0d
  Parameters: {"action"=>"index", "controller"=>"employers"}
  [4;35;1mEmployer Load (0.000591)[0m   [0mSELECT * FROM "employers" [0m
Rendering template within layouts/employers
Rendering employers/index


ActionView::TemplateError (Called id for nil, which would mistakenly be 4 -- if you really wanted the id of nil, use object_id) on line #3 of employers/index.html.erb:
1: <h1>New employer</h1>
2: 
3: <% form_for(@employer) do |f| %>
4:   <%= f.error_messages %>
5: 
6:   <p>

    vendor/rails/actionpack/lib/action_controller/record_identifier.rb:72:in `dom_id'
    vendor/rails/actionpack/lib/action_view/helpers/record_identification_helper.rb:16:in `dom_id'
    vendor/rails/actionpack/lib/action_view/helpers/form_helper.rb:264:in `apply_form_for_options!'
    vendor/rails/actionpack/lib/action_view/helpers/form_helper.rb:248:in `form_for'
    app/views/employers/index.html.erb:3:in `_run_erb_47app47views47employers47index46html46erb'
    vendor/rails/actionpack/lib/action_view/base.rb:338:in `send'
    vendor/rails/actionpack/lib/action_view/base.rb:338:in `execute'
    vendor/rails/actionpack/lib/action_view/template_handlers/compilable.rb:29:in `send'
    vendor/rails/actionpack/lib/action_view/template_handlers/compilable.rb:29:in `render'
    vendor/rails/actionpack/lib/action_view/template.rb:35:in `render'
    vendor/rails/actionpack/lib/action_view/template.rb:22:in `render_template'
    vendor/rails/actionpack/lib/action_view/base.rb:245:in `render_file'
    vendor/rails/actionpack/lib/action_controller/base.rb:1108:in `render_for_file'
    vendor/rails/actionpack/lib/action_controller/base.rb:865:in `render_with_no_layout'
    vendor/rails/actionpack/lib/action_controller/base.rb:880:in `render_with_no_layout'
    vendor/rails/actionpack/lib/action_controller/layout.rb:251:in `render_without_benchmark'
    vendor/rails/actionpack/lib/action_controller/benchmarking.rb:51:in `render'
    vendor/rails/activesupport/lib/active_support/core_ext/benchmark.rb:8:in `realtime'
    vendor/rails/actionpack/lib/action_controller/benchmarking.rb:51:in `render'
    vendor/rails/actionpack/lib/action_controller/mime_responds.rb:131:in `send'
    vendor/rails/actionpack/lib/action_controller/mime_responds.rb:131:in `custom'
    vendor/rails/actionpack/lib/action_controller/mime_responds.rb:160:in `call'
    vendor/rails/actionpack/lib/action_controller/mime_responds.rb:160:in `respond'
    vendor/rails/actionpack/lib/action_controller/mime_responds.rb:154:in `each'
    vendor/rails/actionpack/lib/action_controller/mime_responds.rb:154:in `respond'
    vendor/rails/actionpack/lib/action_controller/mime_responds.rb:107:in `respond_to'
    app/controllers/employers_controller.rb:7:in `index'
    vendor/rails/actionpack/lib/action_controller/base.rb:1162:in `send'
    vendor/rails/actionpack/lib/action_controller/base.rb:1162:in `perform_action_without_filters'
    vendor/rails/actionpack/lib/action_controller/filters.rb:580:in `call_filters'
    vendor/rails/actionpack/lib/action_controller/filters.rb:573:in `perform_action_without_benchmark'
    vendor/rails/actionpack/lib/action_controller/benchmarking.rb:68:in `perform_action_without_rescue'
    /usr/lib/ruby/1.8/benchmark.rb:293:in `measure'
    vendor/rails/actionpack/lib/action_controller/benchmarking.rb:68:in `perform_action_without_rescue'
    vendor/rails/actionpack/lib/action_controller/rescue.rb:201:in `perform_action_without_caching'
    vendor/rails/actionpack/lib/action_controller/caching/sql_cache.rb:13:in `perform_action'
    vendor/rails/activerecord/lib/active_record/connection_adapters/abstract/query_cache.rb:33:in `cache'
    vendor/rails/activerecord/lib/active_record/query_cache.rb:8:in `cache'
    vendor/rails/actionpack/lib/action_controller/caching/sql_cache.rb:12:in `perform_action'
    vendor/rails/actionpack/lib/action_controller/base.rb:529:in `send'
    vendor/rails/actionpack/lib/action_controller/base.rb:529:in `process_without_filters'
    vendor/rails/actionpack/lib/action_controller/filters.rb:569:in `process_without_session_management_support'
    vendor/rails/actionpack/lib/action_controller/session_management.rb:130:in `process'
    vendor/rails/actionpack/lib/action_controller/base.rb:389:in `process'
    vendor/rails/actionpack/lib/action_controller/dispatcher.rb:149:in `handle_request'
    vendor/rails/actionpack/lib/action_controller/dispatcher.rb:107:in `dispatch'
    vendor/rails/actionpack/lib/action_controller/dispatcher.rb:104:in `synchronize'
    vendor/rails/actionpack/lib/action_controller/dispatcher.rb:104:in `dispatch'
    vendor/rails/actionpack/lib/action_controller/dispatcher.rb:120:in `dispatch_cgi'
    vendor/rails/actionpack/lib/action_controller/dispatcher.rb:35:in `dispatch'
    vendor/rails/railties/lib/webrick_server.rb:112:in `handle_dispatch'
    vendor/rails/railties/lib/webrick_server.rb:78:in `service'
    /usr/lib/ruby/1.8/webrick/httpserver.rb:104:in `service'
    /usr/lib/ruby/1.8/webrick/httpserver.rb:65:in `run'
    /usr/lib/ruby/1.8/webrick/server.rb:173:in `start_thread'
    /usr/lib/ruby/1.8/webrick/server.rb:162:in `start'
    /usr/lib/ruby/1.8/webrick/server.rb:162:in `start_thread'
    /usr/lib/ruby/1.8/webrick/server.rb:95:in `start'
    /usr/lib/ruby/1.8/webrick/server.rb:92:in `each'
    /usr/lib/ruby/1.8/webrick/server.rb:92:in `start'
    /usr/lib/ruby/1.8/webrick/server.rb:23:in `start'
    /usr/lib/ruby/1.8/webrick/server.rb:82:in `start'
    vendor/rails/railties/lib/webrick_server.rb:62:in `dispatch'
    vendor/rails/railties/lib/commands/servers/webrick.rb:66
    /usr/local/lib/site_ruby/1.8/rubygems/custom_require.rb:31:in `gem_original_require'
    /usr/local/lib/site_ruby/1.8/rubygems/custom_require.rb:31:in `require'
    vendor/rails/activesupport/lib/active_support/dependencies.rb:509:in `require'
    vendor/rails/activesupport/lib/active_support/dependencies.rb:354:in `new_constants_in'
    vendor/rails/activesupport/lib/active_support/dependencies.rb:509:in `require'
    vendor/rails/railties/lib/commands/server.rb:39
    /usr/local/lib/site_ruby/1.8/rubygems/custom_require.rb:31:in `gem_original_require'
    /usr/local/lib/site_ruby/1.8/rubygems/custom_require.rb:31:in `require'
    script/server:3

Rendering /home/mhjort/Projects/PensionMaid/vendor/rails/actionpack/lib/action_controller/templates/rescues/layout.erb (internal_server_error)


Processing EmployersController#index (for 127.0.0.1 at 2009-10-03 20:17:59) [GET]
  Session ID: BAh7BzoMY3NyZl9pZCIlZjNiODQ1NTlkMTMxM2Q3YWNmYTFiYzU1YzY3NGEx
ZDkiCmZsYXNoSUM6J0FjdGlvbkNvbnRyb2xsZXI6OkZsYXNoOjpGbGFzaEhh
c2h7AAY6CkB1c2VkewA=--00fde617ddf9fa1b2be96a52b8d932ff2ba63e0d
  Parameters: {"action"=>"index", "controller"=>"employers"}
Rendering template within layouts/employers
Rendering employers/index
Completed in 0.02221 (45 reqs/sec) | Rendering: 0.00782 (35%) | DB: 0.00000 (0%) | 200 OK [http://localhost/]


Processing EmployersController#create (for 127.0.0.1 at 2009-10-03 20:18:06) [POST]
  Session ID: BAh7BzoMY3NyZl9pZCIlZjNiODQ1NTlkMTMxM2Q3YWNmYTFiYzU1YzY3NGEx
ZDkiCmZsYXNoSUM6J0FjdGlvbkNvbnRyb2xsZXI6OkZsYXNoOjpGbGFzaEhh
c2h7AAY6CkB1c2VkewA=--00fde617ddf9fa1b2be96a52b8d932ff2ba63e0d
  Parameters: {"commit"=>"Create", "authenticity_token"=>"d71e725f32f3159e9fcb0f831862ce79a5103253", "action"=>"create", "employer"=>{"address"=>"dsa", "city"=>"dsa", "ssn"=>"das", "postal_code"=>"das", "last_name"=>"dsa", "first_name"=>"dsad"}, "controller"=>"employers"}
  [4;36;1mEmployer Create (0.000773)[0m   [0;1mINSERT INTO "employers" ("address", "city", "created_at", "ssn", "postal_code", "updated_at", "last_name", "first_name") VALUES('dsa', 'dsa', '2009-10-03 17:18:07', 'das', 'das', '2009-10-03 17:18:07', 'dsa', 'dsad')[0m
Redirected to http://localhost:3000/employers/1
Completed in 0.02473 (40 reqs/sec) | DB: 0.00077 (3%) | 302 Found [http://localhost/employers]


Processing EmployersController#show (for 127.0.0.1 at 2009-10-03 20:18:07) [GET]
  Session ID: BAh7BzoMY3NyZl9pZCIlZjNiODQ1NTlkMTMxM2Q3YWNmYTFiYzU1YzY3NGEx
ZDkiCmZsYXNoSUM6J0FjdGlvbkNvbnRyb2xsZXI6OkZsYXNoOjpGbGFzaEhh
c2h7BjoLbm90aWNlIidFbXBsb3llciB3YXMgc3VjY2Vzc2Z1bGx5IGNyZWF0
ZWQuBjoKQHVzZWR7BjsHRg==--739ac333e36921c6cf2a97ec723b9231a40cc404
  Parameters: {"action"=>"show", "id"=>"1", "controller"=>"employers"}
  [4;35;1mEmployer Load (0.000508)[0m   [0mSELECT * FROM "employers" WHERE ("employers"."id" = 1) [0m
Rendering template within layouts/employers
Rendering employers/show
Completed in 0.01911 (52 reqs/sec) | Rendering: 0.00469 (24%) | DB: 0.00051 (2%) | 200 OK [http://localhost/employers/1]


Processing EmployersController#index (for 127.0.0.1 at 2009-10-03 20:18:15) [GET]
  Session ID: BAh7BzoMY3NyZl9pZCIlZjNiODQ1NTlkMTMxM2Q3YWNmYTFiYzU1YzY3NGEx
ZDkiCmZsYXNoSUM6J0FjdGlvbkNvbnRyb2xsZXI6OkZsYXNoOjpGbGFzaEhh
c2h7BjoLbm90aWNlIidFbXBsb3llciB3YXMgc3VjY2Vzc2Z1bGx5IGNyZWF0
ZWQuBjoKQHVzZWR7BjsHVA==--a56ed65d056dd68a0cc410306dc682c1c02820b2
  Parameters: {"action"=>"index", "controller"=>"employers"}
Rendering template within layouts/employers
Rendering employers/index
Completed in 0.02290 (43 reqs/sec) | Rendering: 0.00855 (37%) | DB: 0.00000 (0%) | 200 OK [http://localhost/employers]


Processing EmployersController#index (for 127.0.0.1 at 2009-10-03 20:19:40) [GET]
  Session ID: BAh7BzoMY3NyZl9pZCIlZjNiODQ1NTlkMTMxM2Q3YWNmYTFiYzU1YzY3NGEx
ZDkiCmZsYXNoSUM6J0FjdGlvbkNvbnRyb2xsZXI6OkZsYXNoOjpGbGFzaEhh
c2h7AAY6CkB1c2VkewA=--00fde617ddf9fa1b2be96a52b8d932ff2ba63e0d
  Parameters: {"action"=>"index", "controller"=>"employers"}
Rendering template within layouts/employers
Rendering employers/index
Completed in 0.02141 (46 reqs/sec) | Rendering: 0.00763 (35%) | DB: 0.00000 (0%) | 200 OK [http://localhost/]


Processing EmployersController#create (for 127.0.0.1 at 2009-10-03 20:19:47) [POST]
  Session ID: BAh7BzoMY3NyZl9pZCIlZjNiODQ1NTlkMTMxM2Q3YWNmYTFiYzU1YzY3NGEx
ZDkiCmZsYXNoSUM6J0FjdGlvbkNvbnRyb2xsZXI6OkZsYXNoOjpGbGFzaEhh
c2h7AAY6CkB1c2VkewA=--00fde617ddf9fa1b2be96a52b8d932ff2ba63e0d
  Parameters: {"commit"=>"Create", "authenticity_token"=>"d71e725f32f3159e9fcb0f831862ce79a5103253", "action"=>"create", "employer"=>{"address"=>"fsad", "city"=>"fsad", "ssn"=>"fsda", "postal_code"=>"fdsa", "last_name"=>"fsda", "first_name"=>"fsda"}, "controller"=>"employers"}
  [4;36;1mEmployer Create (0.001886)[0m   [0;1mINSERT INTO "employers" ("address", "city", "created_at", "ssn", "postal_code", "updated_at", "last_name", "first_name") VALUES('fsad', 'fsad', '2009-10-03 17:19:47', 'fsda', 'fdsa', '2009-10-03 17:19:47', 'fsda', 'fsda')[0m
Redirected to http://localhost:3000/employers/2
Completed in 0.03509 (28 reqs/sec) | DB: 0.00189 (5%) | 302 Found [http://localhost/employers]


Processing EmployersController#show (for 127.0.0.1 at 2009-10-03 20:19:47) [GET]
  Session ID: BAh7BzoMY3NyZl9pZCIlZjNiODQ1NTlkMTMxM2Q3YWNmYTFiYzU1YzY3NGEx
ZDkiCmZsYXNoSUM6J0FjdGlvbkNvbnRyb2xsZXI6OkZsYXNoOjpGbGFzaEhh
c2h7BjoLbm90aWNlIidFbXBsb3llciB3YXMgc3VjY2Vzc2Z1bGx5IGNyZWF0
ZWQuBjoKQHVzZWR7BjsHRg==--739ac333e36921c6cf2a97ec723b9231a40cc404
  Parameters: {"action"=>"show", "id"=>"2", "controller"=>"employers"}
  [4;35;1mEmployer Load (0.000480)[0m   [0mSELECT * FROM "employers" WHERE ("employers"."id" = 2) [0m
Rendering template within layouts/employers
Rendering employers/show
Completed in 0.01488 (67 reqs/sec) | Rendering: 0.00326 (21%) | DB: 0.00048 (3%) | 200 OK [http://localhost/employers/2]


Processing EmployersController#index (for 127.0.0.1 at 2009-10-03 20:20:21) [GET]
  Session ID: BAh7BzoMY3NyZl9pZCIlZjNiODQ1NTlkMTMxM2Q3YWNmYTFiYzU1YzY3NGEx
ZDkiCmZsYXNoSUM6J0FjdGlvbkNvbnRyb2xsZXI6OkZsYXNoOjpGbGFzaEhh
c2h7BjoLbm90aWNlIidFbXBsb3llciB3YXMgc3VjY2Vzc2Z1bGx5IGNyZWF0
ZWQuBjoKQHVzZWR7BjsHVA==--a56ed65d056dd68a0cc410306dc682c1c02820b2
  Parameters: {"action"=>"index", "controller"=>"employers"}
Rendering template within layouts/employers
Rendering employers/index
Completed in 0.02149 (46 reqs/sec) | Rendering: 0.00789 (36%) | DB: 0.00000 (0%) | 200 OK [http://localhost/]


Processing EmployersController#create (for 127.0.0.1 at 2009-10-03 20:20:30) [POST]
  Session ID: BAh7BzoMY3NyZl9pZCIlZjNiODQ1NTlkMTMxM2Q3YWNmYTFiYzU1YzY3NGEx
ZDkiCmZsYXNoSUM6J0FjdGlvbkNvbnRyb2xsZXI6OkZsYXNoOjpGbGFzaEhh
c2h7AAY6CkB1c2VkewA=--00fde617ddf9fa1b2be96a52b8d932ff2ba63e0d
  Parameters: {"commit"=>"Create", "authenticity_token"=>"d71e725f32f3159e9fcb0f831862ce79a5103253", "action"=>"create", "employer"=>{"address"=>"dsa", "city"=>"dsa", "ssn"=>"dsa", "postal_code"=>"das", "last_name"=>"dsa", "first_name"=>"das"}, "controller"=>"employers"}
  [4;36;1mEmployer Create (0.000405)[0m   [0;1mINSERT INTO "employers" ("address", "city", "created_at", "ssn", "postal_code", "updated_at", "last_name", "first_name") VALUES('dsa', 'dsa', '2009-10-03 17:20:30', 'dsa', 'das', '2009-10-03 17:20:30', 'dsa', 'das')[0m
Redirected to http://localhost:3000/employers/3
Completed in 0.02457 (40 reqs/sec) | DB: 0.00040 (1%) | 302 Found [http://localhost/employers]


Processing EmployersController#show (for 127.0.0.1 at 2009-10-03 20:20:30) [GET]
  Session ID: BAh7BzoMY3NyZl9pZCIlZjNiODQ1NTlkMTMxM2Q3YWNmYTFiYzU1YzY3NGEx
ZDkiCmZsYXNoSUM6J0FjdGlvbkNvbnRyb2xsZXI6OkZsYXNoOjpGbGFzaEhh
c2h7BjoLbm90aWNlIidFbXBsb3llciB3YXMgc3VjY2Vzc2Z1bGx5IGNyZWF0
ZWQuBjoKQHVzZWR7BjsHRg==--739ac333e36921c6cf2a97ec723b9231a40cc404
  Parameters: {"action"=>"show", "id"=>"3", "controller"=>"employers"}
  [4;35;1mEmployer Load (0.000746)[0m   [0mSELECT * FROM "employers" WHERE ("employers"."id" = 3) [0m
Rendering template within layouts/employers
Rendering employers/show
Completed in 0.02785 (35 reqs/sec) | Rendering: 0.00625 (22%) | DB: 0.00075 (2%) | 200 OK [http://localhost/employers/3]


Processing EmployersController#index (for 127.0.0.1 at 2009-10-03 20:20:39) [GET]
  Session ID: BAh7BzoMY3NyZl9pZCIlZjNiODQ1NTlkMTMxM2Q3YWNmYTFiYzU1YzY3NGEx
ZDkiCmZsYXNoSUM6J0FjdGlvbkNvbnRyb2xsZXI6OkZsYXNoOjpGbGFzaEhh
c2h7BjoLbm90aWNlIidFbXBsb3llciB3YXMgc3VjY2Vzc2Z1bGx5IGNyZWF0
ZWQuBjoKQHVzZWR7BjsHVA==--a56ed65d056dd68a0cc410306dc682c1c02820b2
  Parameters: {"action"=>"index", "controller"=>"employers"}
Rendering template within layouts/employers
Rendering employers/index
Completed in 0.05471 (18 reqs/sec) | Rendering: 0.04414 (80%) | DB: 0.00000 (0%) | 200 OK [http://localhost/employers]
  [4;36;1mSQL (0.001690)[0m   [0;1m SELECT name
 FROM sqlite_master
 WHERE type = 'table' AND NOT name = 'sqlite_sequence'
[0m
  [4;35;1mSQL (0.000209)[0m   [0mselect sqlite_version(*)[0m
  [4;36;1mSQL (0.003205)[0m   [0;1mCREATE TABLE "schema_migrations" ("version" varchar(255) NOT NULL) [0m
  [4;35;1mSQL (0.002024)[0m   [0mCREATE UNIQUE INDEX "unique_schema_migrations" ON "schema_migrations" ("version")[0m
  [4;36;1mSQL (0.000245)[0m   [0;1m SELECT name
 FROM sqlite_master
 WHERE type = 'table' AND NOT name = 'sqlite_sequence'
[0m
  [4;35;1mSQL (0.000142)[0m   [0mSELECT version FROM schema_migrations[0m
Migrating to CreateEmployers (20091003165528)
  [4;36;1mSQL (0.000132)[0m   [0;1mSELECT version FROM schema_migrations[0m
  [4;35;1mSQL (0.002570)[0m   [0mCREATE TABLE "employers" ("id" INTEGER PRIMARY KEY AUTOINCREMENT NOT NULL, "first_name" varchar(255) DEFAULT NULL NULL, "last_name" varchar(255) DEFAULT NULL NULL, "ssn" varchar(255) DEFAULT NULL NULL, "address" varchar(255) DEFAULT NULL NULL, "postal_code" varchar(255) DEFAULT NULL NULL, "city" varchar(255) DEFAULT NULL NULL, "created_at" datetime DEFAULT NULL NULL, "updated_at" datetime DEFAULT NULL NULL) [0m
  [4;36;1mSQL (0.001604)[0m   [0;1mINSERT INTO schema_migrations (version) VALUES ('20091003165528')[0m
  [4;35;1mSQL (0.000297)[0m   [0mSELECT version FROM schema_migrations[0m
  [4;36;1mSQL (0.000344)[0m   [0;1m SELECT name
 FROM sqlite_master
 WHERE type = 'table' AND NOT name = 'sqlite_sequence'
[0m
  [4;35;1mSQL (0.000113)[0m   [0mPRAGMA index_list("employers")[0m


Processing EmployersController#index (for 127.0.0.1 at 2009-10-03 20:28:52) [GET]
  Session ID: BAh7BzoMY3NyZl9pZCIlZjNiODQ1NTlkMTMxM2Q3YWNmYTFiYzU1YzY3NGEx
ZDkiCmZsYXNoSUM6J0FjdGlvbkNvbnRyb2xsZXI6OkZsYXNoOjpGbGFzaEhh
c2h7AAY6CkB1c2VkewA=--00fde617ddf9fa1b2be96a52b8d932ff2ba63e0d
  Parameters: {"action"=>"index", "controller"=>"employers"}
Rendering template within layouts/employers
Rendering employers/index
Completed in 0.02160 (46 reqs/sec) | Rendering: 0.00767 (35%) | DB: 0.00000 (0%) | 200 OK [http://localhost/]


Processing EmployersController#index (for 127.0.0.1 at 2009-10-03 20:44:34) [GET]
  Session ID: BAh7BzoMY3NyZl9pZCIlZjNiODQ1NTlkMTMxM2Q3YWNmYTFiYzU1YzY3NGEx
ZDkiCmZsYXNoSUM6J0FjdGlvbkNvbnRyb2xsZXI6OkZsYXNoOjpGbGFzaEhh
c2h7AAY6CkB1c2VkewA=--00fde617ddf9fa1b2be96a52b8d932ff2ba63e0d
  Parameters: {"action"=>"index", "controller"=>"employers"}
Rendering template within layouts/employers
Rendering employers/index
Completed in 0.02330 (42 reqs/sec) | Rendering: 0.00949 (40%) | DB: 0.00000 (0%) | 200 OK [http://localhost/]


Processing EmployersController#create (for 127.0.0.1 at 2009-10-03 20:44:43) [POST]
  Session ID: BAh7BzoMY3NyZl9pZCIlZjNiODQ1NTlkMTMxM2Q3YWNmYTFiYzU1YzY3NGEx
ZDkiCmZsYXNoSUM6J0FjdGlvbkNvbnRyb2xsZXI6OkZsYXNoOjpGbGFzaEhh
c2h7AAY6CkB1c2VkewA=--00fde617ddf9fa1b2be96a52b8d932ff2ba63e0d
  Parameters: {"commit"=>"Order", "authenticity_token"=>"d71e725f32f3159e9fcb0f831862ce79a5103253", "action"=>"create", "employer"=>{"address"=>"dsa", "city"=>"dsa", "ssn"=>"dsa", "postal_code"=>"dsa", "last_name"=>"das", "first_name"=>"das"}, "controller"=>"employers"}
  [4;36;1mEmployer Create (0.000400)[0m   [0;1mINSERT INTO "employers" ("address", "city", "created_at", "ssn", "postal_code", "updated_at", "last_name", "first_name") VALUES('dsa', 'dsa', '2009-10-03 17:44:43', 'dsa', 'dsa', '2009-10-03 17:44:43', 'das', 'das')[0m
Rendering template within layouts/employers
Rendering employers/new


ActionView::MissingTemplate (Missing template employers/new.html.erb in view path /home/mhjort/Projects/PensionMaid/app/views):
    /vendor/rails/actionpack/lib/action_view/template.rb:85:in `raise_missing_template_exception'
    /vendor/rails/actionpack/lib/action_view/template.rb:78:in `set_extension_and_file_name'
    /vendor/rails/actionpack/lib/action_view/template.rb:15:in `initialize'
    /vendor/rails/actionpack/lib/action_view/base.rb:245:in `new'
    /vendor/rails/actionpack/lib/action_view/base.rb:245:in `render_file'
    /vendor/rails/actionpack/lib/action_controller/base.rb:1108:in `render_for_file'
    /vendor/rails/actionpack/lib/action_controller/base.rb:865:in `render_with_no_layout'
    /vendor/rails/actionpack/lib/action_controller/base.rb:880:in `render_with_no_layout'
    /vendor/rails/actionpack/lib/action_controller/layout.rb:251:in `render_without_benchmark'
    /vendor/rails/actionpack/lib/action_controller/benchmarking.rb:51:in `render'
    /vendor/rails/activesupport/lib/active_support/core_ext/benchmark.rb:8:in `realtime'
    /vendor/rails/actionpack/lib/action_controller/benchmarking.rb:51:in `render'
    /app/controllers/employers_controller.rb:32:in `create'
    /vendor/rails/actionpack/lib/action_controller/mime_responds.rb:131:in `call'
    /vendor/rails/actionpack/lib/action_controller/mime_responds.rb:131:in `custom'
    /vendor/rails/actionpack/lib/action_controller/mime_responds.rb:160:in `call'
    /vendor/rails/actionpack/lib/action_controller/mime_responds.rb:160:in `respond'
    /vendor/rails/actionpack/lib/action_controller/mime_responds.rb:154:in `each'
    /vendor/rails/actionpack/lib/action_controller/mime_responds.rb:154:in `respond'
    /vendor/rails/actionpack/lib/action_controller/mime_responds.rb:107:in `respond_to'
    /app/controllers/employers_controller.rb:29:in `create'
    /vendor/rails/actionpack/lib/action_controller/base.rb:1162:in `send'
    /vendor/rails/actionpack/lib/action_controller/base.rb:1162:in `perform_action_without_filters'
    /vendor/rails/actionpack/lib/action_controller/filters.rb:580:in `call_filters'
    /vendor/rails/actionpack/lib/action_controller/filters.rb:573:in `perform_action_without_benchmark'
    /vendor/rails/actionpack/lib/action_controller/benchmarking.rb:68:in `perform_action_without_rescue'
    /usr/lib/ruby/1.8/benchmark.rb:293:in `measure'
    /vendor/rails/actionpack/lib/action_controller/benchmarking.rb:68:in `perform_action_without_rescue'
    /vendor/rails/actionpack/lib/action_controller/rescue.rb:201:in `perform_action_without_caching'
    /vendor/rails/actionpack/lib/action_controller/caching/sql_cache.rb:13:in `perform_action'
    /vendor/rails/activerecord/lib/active_record/connection_adapters/abstract/query_cache.rb:33:in `cache'
    /vendor/rails/activerecord/lib/active_record/query_cache.rb:8:in `cache'
    /vendor/rails/actionpack/lib/action_controller/caching/sql_cache.rb:12:in `perform_action'
    /vendor/rails/actionpack/lib/action_controller/base.rb:529:in `send'
    /vendor/rails/actionpack/lib/action_controller/base.rb:529:in `process_without_filters'
    /vendor/rails/actionpack/lib/action_controller/filters.rb:569:in `process_without_session_management_support'
    /vendor/rails/actionpack/lib/action_controller/session_management.rb:130:in `process'
    /vendor/rails/actionpack/lib/action_controller/base.rb:389:in `process'
    /vendor/rails/actionpack/lib/action_controller/dispatcher.rb:149:in `handle_request'
    /vendor/rails/actionpack/lib/action_controller/dispatcher.rb:107:in `dispatch'
    /vendor/rails/actionpack/lib/action_controller/dispatcher.rb:104:in `synchronize'
    /vendor/rails/actionpack/lib/action_controller/dispatcher.rb:104:in `dispatch'
    /vendor/rails/actionpack/lib/action_controller/dispatcher.rb:120:in `dispatch_cgi'
    /vendor/rails/actionpack/lib/action_controller/dispatcher.rb:35:in `dispatch'
    /vendor/rails/railties/lib/webrick_server.rb:112:in `handle_dispatch'
    /vendor/rails/railties/lib/webrick_server.rb:78:in `service'
    /usr/lib/ruby/1.8/webrick/httpserver.rb:104:in `service'
    /usr/lib/ruby/1.8/webrick/httpserver.rb:65:in `run'
    /usr/lib/ruby/1.8/webrick/server.rb:173:in `start_thread'
    /usr/lib/ruby/1.8/webrick/server.rb:162:in `start'
    /usr/lib/ruby/1.8/webrick/server.rb:162:in `start_thread'
    /usr/lib/ruby/1.8/webrick/server.rb:95:in `start'
    /usr/lib/ruby/1.8/webrick/server.rb:92:in `each'
    /usr/lib/ruby/1.8/webrick/server.rb:92:in `start'
    /usr/lib/ruby/1.8/webrick/server.rb:23:in `start'
    /usr/lib/ruby/1.8/webrick/server.rb:82:in `start'
    /vendor/rails/railties/lib/webrick_server.rb:62:in `dispatch'
    /vendor/rails/railties/lib/commands/servers/webrick.rb:66
    /usr/local/lib/site_ruby/1.8/rubygems/custom_require.rb:31:in `gem_original_require'
    /usr/local/lib/site_ruby/1.8/rubygems/custom_require.rb:31:in `require'
    /vendor/rails/activesupport/lib/active_support/dependencies.rb:509:in `require'
    /vendor/rails/activesupport/lib/active_support/dependencies.rb:354:in `new_constants_in'
    /vendor/rails/activesupport/lib/active_support/dependencies.rb:509:in `require'
    /vendor/rails/railties/lib/commands/server.rb:39
    /usr/local/lib/site_ruby/1.8/rubygems/custom_require.rb:31:in `gem_original_require'
    /usr/local/lib/site_ruby/1.8/rubygems/custom_require.rb:31:in `require'
    script/server:3

Rendering /home/mhjort/Projects/PensionMaid/vendor/rails/actionpack/lib/action_controller/templates/rescues/layout.erb (internal_server_error)


Processing EmployersController#index (for 127.0.0.1 at 2009-10-03 20:45:16) [GET]
  Session ID: BAh7BzoMY3NyZl9pZCIlZjNiODQ1NTlkMTMxM2Q3YWNmYTFiYzU1YzY3NGEx
ZDkiCmZsYXNoSUM6J0FjdGlvbkNvbnRyb2xsZXI6OkZsYXNoOjpGbGFzaEhh
c2h7BjoLbm90aWNlIidFbXBsb3llciB3YXMgc3VjY2Vzc2Z1bGx5IGNyZWF0
ZWQuBjoKQHVzZWR7BjsHRg==--739ac333e36921c6cf2a97ec723b9231a40cc404
  Parameters: {"action"=>"index", "controller"=>"employers"}
Rendering template within layouts/employers
Rendering employers/index
Completed in 0.02667 (37 reqs/sec) | Rendering: 0.01384 (51%) | DB: 0.00000 (0%) | 200 OK [http://localhost/]


Processing EmployersController#create (for 127.0.0.1 at 2009-10-03 20:45:29) [POST]
  Session ID: BAh7BzoMY3NyZl9pZCIlZjNiODQ1NTlkMTMxM2Q3YWNmYTFiYzU1YzY3NGEx
ZDkiCmZsYXNoSUM6J0FjdGlvbkNvbnRyb2xsZXI6OkZsYXNoOjpGbGFzaEhh
c2h7BjoLbm90aWNlIidFbXBsb3llciB3YXMgc3VjY2Vzc2Z1bGx5IGNyZWF0
ZWQuBjoKQHVzZWR7BjsHVA==--a56ed65d056dd68a0cc410306dc682c1c02820b2
  Parameters: {"commit"=>"Order", "authenticity_token"=>"d71e725f32f3159e9fcb0f831862ce79a5103253", "action"=>"create", "employer"=>{"address"=>"dsa", "city"=>"da", "ssn"=>"dsa", "postal_code"=>"das", "last_name"=>"dsa", "first_name"=>"dsa"}, "controller"=>"employers"}
  [4;35;1mEmployer Create (0.000403)[0m   [0mINSERT INTO "employers" ("address", "city", "created_at", "ssn", "postal_code", "updated_at", "last_name", "first_name") VALUES('dsa', 'da', '2009-10-03 17:45:29', 'dsa', 'das', '2009-10-03 17:45:29', 'dsa', 'dsa')[0m
Rendering template within layouts/employers
Rendering employers/index
Completed in 0.02789 (35 reqs/sec) | Rendering: 0.00535 (19%) | DB: 0.00040 (1%) | 200 OK [http://localhost/employers]
  [4;36;1mSQL (0.000408)[0m   [0;1m SELECT name
 FROM sqlite_master
 WHERE type = 'table' AND NOT name = 'sqlite_sequence'
[0m
  [4;35;1mSQL (0.000227)[0m   [0mselect sqlite_version(*)[0m
  [4;36;1mSQL (0.002676)[0m   [0;1mCREATE TABLE "schema_migrations" ("version" varchar(255) NOT NULL) [0m
  [4;35;1mSQL (0.002071)[0m   [0mCREATE UNIQUE INDEX "unique_schema_migrations" ON "schema_migrations" ("version")[0m
  [4;36;1mSQL (0.000237)[0m   [0;1m SELECT name
 FROM sqlite_master
 WHERE type = 'table' AND NOT name = 'sqlite_sequence'
[0m
  [4;35;1mSQL (0.000145)[0m   [0mSELECT version FROM schema_migrations[0m
Migrating to CreateEmployers (20091003165528)
  [4;36;1mSQL (0.000131)[0m   [0;1mSELECT version FROM schema_migrations[0m
  [4;35;1mSQL (0.002686)[0m   [0mCREATE TABLE "employers" ("id" INTEGER PRIMARY KEY AUTOINCREMENT NOT NULL, "first_name" varchar(255) DEFAULT NULL NULL, "last_name" varchar(255) DEFAULT NULL NULL, "ssn" varchar(255) DEFAULT NULL NULL, "address" varchar(255) DEFAULT NULL NULL, "postal_code" varchar(255) DEFAULT NULL NULL, "city" varchar(255) DEFAULT NULL NULL, "created_at" datetime DEFAULT NULL NULL, "updated_at" datetime DEFAULT NULL NULL) [0m
  [4;36;1mSQL (0.001611)[0m   [0;1mINSERT INTO schema_migrations (version) VALUES ('20091003165528')[0m
  [4;35;1mSQL (0.000283)[0m   [0mSELECT version FROM schema_migrations[0m
  [4;36;1mSQL (0.000286)[0m   [0;1m SELECT name
 FROM sqlite_master
 WHERE type = 'table' AND NOT name = 'sqlite_sequence'
[0m
  [4;35;1mSQL (0.000092)[0m   [0mPRAGMA index_list("employers")[0m


Processing EmployersController#index (for 127.0.0.1 at 2009-10-03 20:46:25) [GET]
  Session ID: BAh7BzoMY3NyZl9pZCIlZjNiODQ1NTlkMTMxM2Q3YWNmYTFiYzU1YzY3NGEx
ZDkiCmZsYXNoSUM6J0FjdGlvbkNvbnRyb2xsZXI6OkZsYXNoOjpGbGFzaEhh
c2h7BjoLbm90aWNlIidFbXBsb3llciB3YXMgc3VjY2Vzc2Z1bGx5IGNyZWF0
ZWQuBjoKQHVzZWR7BjsHRg==--739ac333e36921c6cf2a97ec723b9231a40cc404
  Parameters: {"action"=>"index", "controller"=>"employers"}
Rendering template within layouts/employers
Rendering employers/index
Completed in 0.02607 (38 reqs/sec) | Rendering: 0.01267 (48%) | DB: 0.00000 (0%) | 200 OK [http://localhost/]


Processing EmployersController#index (for 127.0.0.1 at 2009-10-03 20:48:51) [GET]
  Session ID: BAh7BzoMY3NyZl9pZCIlZjNiODQ1NTlkMTMxM2Q3YWNmYTFiYzU1YzY3NGEx
ZDkiCmZsYXNoSUM6J0FjdGlvbkNvbnRyb2xsZXI6OkZsYXNoOjpGbGFzaEhh
c2h7BjoLbm90aWNlIidFbXBsb3llciB3YXMgc3VjY2Vzc2Z1bGx5IGNyZWF0
ZWQuBjoKQHVzZWR7BjsHVA==--a56ed65d056dd68a0cc410306dc682c1c02820b2
  Parameters: {"action"=>"index", "controller"=>"employers"}
Rendering template within layouts/employers
Rendering employers/index
Completed in 0.02074 (48 reqs/sec) | Rendering: 0.00799 (38%) | DB: 0.00000 (0%) | 200 OK [http://localhost/]


Processing EmployersController#create (for 127.0.0.1 at 2009-10-03 20:49:04) [POST]
  Session ID: BAh7BzoMY3NyZl9pZCIlZjNiODQ1NTlkMTMxM2Q3YWNmYTFiYzU1YzY3NGEx
ZDkiCmZsYXNoSUM6J0FjdGlvbkNvbnRyb2xsZXI6OkZsYXNoOjpGbGFzaEhh
c2h7AAY6CkB1c2VkewA=--00fde617ddf9fa1b2be96a52b8d932ff2ba63e0d
  Parameters: {"commit"=>"Order", "authenticity_token"=>"d71e725f32f3159e9fcb0f831862ce79a5103253", "action"=>"create", "employer"=>{"address"=>"dsa", "city"=>"das", "ssn"=>"dsa", "postal_code"=>"dsa", "last_name"=>"das", "first_name"=>"das"}, "controller"=>"employers"}
  [4;36;1mEmployer Create (0.000686)[0m   [0;1mINSERT INTO "employers" ("address", "city", "created_at", "ssn", "postal_code", "updated_at", "last_name", "first_name") VALUES('dsa', 'das', '2009-10-03 17:49:04', 'dsa', 'dsa', '2009-10-03 17:49:04', 'das', 'das')[0m
Rendering template within layouts/employers
Rendering employers/index
Completed in 0.02834 (35 reqs/sec) | Rendering: 0.00547 (19%) | DB: 0.00069 (2%) | 200 OK [http://localhost/employers]


Processing EmployersController#index (for 127.0.0.1 at 2009-10-03 20:49:09) [GET]
  Session ID: BAh7BzoMY3NyZl9pZCIlZjNiODQ1NTlkMTMxM2Q3YWNmYTFiYzU1YzY3NGEx
ZDkiCmZsYXNoSUM6J0FjdGlvbkNvbnRyb2xsZXI6OkZsYXNoOjpGbGFzaEhh
c2h7BjoLbm90aWNlIidFbXBsb3llciB3YXMgc3VjY2Vzc2Z1bGx5IGNyZWF0
ZWQuBjoKQHVzZWR7BjsHRg==--739ac333e36921c6cf2a97ec723b9231a40cc404
  Parameters: {"action"=>"index", "controller"=>"employers"}
Rendering template within layouts/employers
Rendering employers/index
Completed in 0.07967 (12 reqs/sec) | Rendering: 0.00779 (9%) | DB: 0.00000 (0%) | 200 OK [http://localhost/]


Processing EmployersController#index (for 127.0.0.1 at 2009-10-03 20:49:14) [GET]
  Session ID: 448e28f937d4825254fba111db005379
  Parameters: {"action"=>"index", "controller"=>"employers"}
Rendering template within layouts/employers
Rendering employers/index
Completed in 0.02471 (40 reqs/sec) | Rendering: 0.00781 (31%) | DB: 0.00000 (0%) | 200 OK [http://localhost/]


Processing EmployersController#index (for 127.0.0.1 at 2009-10-03 20:50:01) [GET]
  Session ID: BAh7BzoMY3NyZl9pZCIlNDcyZGFhN2M3OGNhMzgyMTQ1MTZjYjllMDVkMDBh
ZmUiCmZsYXNoSUM6J0FjdGlvbkNvbnRyb2xsZXI6OkZsYXNoOjpGbGFzaEhh
c2h7AAY6CkB1c2VkewA=--fc532e043096f649ff01a58e43f773356ede04f0
  Parameters: {"action"=>"index", "controller"=>"employers"}
Rendering template within layouts/employers
Rendering employers/index
Completed in 0.02156 (46 reqs/sec) | Rendering: 0.00773 (35%) | DB: 0.00000 (0%) | 200 OK [http://localhost/]
  [4;36;1mSQL (0.9ms)[0m   [0;1m SELECT name
 FROM sqlite_master
 WHERE type = 'table' AND NOT name = 'sqlite_sequence'
[0m
  [4;35;1mSQL (0.2ms)[0m   [0mSELECT version FROM schema_migrations[0m
  [4;36;1mSQL (0.2ms)[0m   [0;1mselect sqlite_version(*)[0m
  [4;35;1mSQL (0.2ms)[0m   [0m SELECT name
 FROM sqlite_master
 WHERE type = 'table' AND NOT name = 'sqlite_sequence'
[0m
  [4;36;1mSQL (4.0ms)[0m   [0;1mCREATE TABLE "employers" ("id" INTEGER PRIMARY KEY AUTOINCREMENT NOT NULL, "first_name" varchar(255), "last_name" varchar(255), "ssn" varchar(255), "address" varchar(255), "postal_code" varchar(255), "city" varchar(255), "created_at" datetime, "updated_at" datetime) [0m
  [4;35;1mSQL (0.3ms)[0m   [0m SELECT name
 FROM sqlite_master
 WHERE type = 'table' AND NOT name = 'sqlite_sequence'
[0m
  [4;36;1mSQL (2.2ms)[0m   [0;1mCREATE TABLE "schema_migrations" ("version" varchar(255) NOT NULL) [0m
  [4;35;1mSQL (2.6ms)[0m   [0mCREATE UNIQUE INDEX "unique_schema_migrations" ON "schema_migrations" ("version")[0m
  [4;36;1mSQL (0.3ms)[0m   [0;1m SELECT name
 FROM sqlite_master
 WHERE type = 'table' AND NOT name = 'sqlite_sequence'
[0m
  [4;35;1mSQL (0.1ms)[0m   [0mSELECT version FROM "schema_migrations"[0m
  [4;36;1mSQL (1.7ms)[0m   [0;1mINSERT INTO "schema_migrations" (version) VALUES ('20091003165528')[0m


Processing ActionController::Base#index (for 127.0.0.1 at 2009-10-04 16:33:59) [GET]

NameError (uninitialized constant ApplicationController):
  app/controllers/employers_controller.rb:1
  /usr/lib/ruby/1.8/webrick/httpserver.rb:104:in `service'
  /usr/lib/ruby/1.8/webrick/httpserver.rb:65:in `run'
  /usr/lib/ruby/1.8/webrick/server.rb:173:in `start_thread'
  /usr/lib/ruby/1.8/webrick/server.rb:162:in `start'
  /usr/lib/ruby/1.8/webrick/server.rb:162:in `start_thread'
  /usr/lib/ruby/1.8/webrick/server.rb:95:in `start'
  /usr/lib/ruby/1.8/webrick/server.rb:92:in `each'
  /usr/lib/ruby/1.8/webrick/server.rb:92:in `start'
  /usr/lib/ruby/1.8/webrick/server.rb:23:in `start'
  /usr/lib/ruby/1.8/webrick/server.rb:82:in `start'

Rendered rescues/_trace (56.9ms)
Rendered rescues/_request_and_response (2.1ms)
Rendering rescues/layout (internal_server_error)


Processing EmployersController#index (for 127.0.0.1 at 2009-10-04 16:34:40) [GET]
Rendering template within layouts/employers
Rendering employers/index
Completed in 161ms (View: 145, DB: 0) | 200 OK [http://localhost/]


Processing EmployersController#create (for 127.0.0.1 at 2009-10-04 16:34:43) [POST]
  Parameters: {"commit"=>"Order", "authenticity_token"=>"fDIVC1qavd8M/8O3b4O9oUMDRpadX1nJmaVqzhcO0os=", "employer"=>{"city"=>"", "address"=>"", "postal_code"=>"", "ssn"=>"", "last_name"=>"", "first_name"=>"das"}}
  [4;36;1mEmployer Create (0.8ms)[0m   [0;1mINSERT INTO "employers" ("address", "city", "created_at", "ssn", "postal_code", "updated_at", "last_name", "first_name") VALUES('', '', '2009-10-04 13:34:43', '', '', '2009-10-04 13:34:43', '', 'das')[0m
Rendering template within layouts/employers
Rendering employers/index
Completed in 44ms (View: 14, DB: 1) | 200 OK [http://localhost/employers]
  [4;36;1mSQL (0.8ms)[0m   [0;1m SELECT name
 FROM sqlite_master
 WHERE type = 'table' AND NOT name = 'sqlite_sequence'
[0m
  [4;35;1mSQL (0.2ms)[0m   [0mSELECT version FROM schema_migrations[0m
  [4;36;1mSQL (0.2ms)[0m   [0;1mselect sqlite_version(*)[0m
  [4;35;1mSQL (0.2ms)[0m   [0m SELECT name
 FROM sqlite_master
 WHERE type = 'table' AND NOT name = 'sqlite_sequence'
[0m
  [4;36;1mSQL (3.8ms)[0m   [0;1mCREATE TABLE "employers" ("id" INTEGER PRIMARY KEY AUTOINCREMENT NOT NULL, "first_name" varchar(255), "last_name" varchar(255), "ssn" varchar(255), "address" varchar(255), "postal_code" varchar(255), "city" varchar(255), "created_at" datetime, "updated_at" datetime) [0m
  [4;35;1mSQL (0.3ms)[0m   [0m SELECT name
 FROM sqlite_master
 WHERE type = 'table' AND NOT name = 'sqlite_sequence'
[0m
  [4;36;1mSQL (2.1ms)[0m   [0;1mCREATE TABLE "schema_migrations" ("version" varchar(255) NOT NULL) [0m
  [4;35;1mSQL (2.4ms)[0m   [0mCREATE UNIQUE INDEX "unique_schema_migrations" ON "schema_migrations" ("version")[0m
  [4;36;1mSQL (0.3ms)[0m   [0;1m SELECT name
 FROM sqlite_master
 WHERE type = 'table' AND NOT name = 'sqlite_sequence'
[0m
  [4;35;1mSQL (0.1ms)[0m   [0mSELECT version FROM "schema_migrations"[0m
  [4;36;1mSQL (1.7ms)[0m   [0;1mINSERT INTO "schema_migrations" (version) VALUES ('20091003165528')[0m
  [4;36;1mSQL (0.8ms)[0m   [0;1m SELECT name
 FROM sqlite_master
 WHERE type = 'table' AND NOT name = 'sqlite_sequence'
[0m
  [4;35;1mSQL (0.2ms)[0m   [0mSELECT version FROM schema_migrations[0m
  [4;36;1mSQL (0.2ms)[0m   [0;1mselect sqlite_version(*)[0m
  [4;35;1mSQL (0.2ms)[0m   [0m SELECT name
 FROM sqlite_master
 WHERE type = 'table' AND NOT name = 'sqlite_sequence'
[0m
  [4;36;1mSQL (3.3ms)[0m   [0;1mCREATE TABLE "employers" ("id" INTEGER PRIMARY KEY AUTOINCREMENT NOT NULL, "first_name" varchar(255), "last_name" varchar(255), "ssn" varchar(255), "address" varchar(255), "postal_code" varchar(255), "city" varchar(255), "created_at" datetime, "updated_at" datetime) [0m
  [4;35;1mSQL (0.3ms)[0m   [0m SELECT name
 FROM sqlite_master
 WHERE type = 'table' AND NOT name = 'sqlite_sequence'
[0m
  [4;36;1mSQL (2.2ms)[0m   [0;1mCREATE TABLE "schema_migrations" ("version" varchar(255) NOT NULL) [0m
  [4;35;1mSQL (2.4ms)[0m   [0mCREATE UNIQUE INDEX "unique_schema_migrations" ON "schema_migrations" ("version")[0m
  [4;36;1mSQL (0.3ms)[0m   [0;1m SELECT name
 FROM sqlite_master
 WHERE type = 'table' AND NOT name = 'sqlite_sequence'
[0m
  [4;35;1mSQL (0.1ms)[0m   [0mSELECT version FROM "schema_migrations"[0m
  [4;36;1mSQL (1.7ms)[0m   [0;1mINSERT INTO "schema_migrations" (version) VALUES ('20091003165528')[0m
